2024-12-11 13:22:29,560 [Worker-2: Loading available Gradle versions] INFO  o.e.b.c.i.u.g.PublishedGradleVersions - Gradle version information cache is up-to-date. Trying to read.
2024-12-12 11:03:09,808 [Worker-2: Loading available Gradle versions] INFO  o.e.b.c.i.u.g.PublishedGradleVersions - Gradle version information cache is out-of-date. Trying to update.
2024-12-12 11:38:54,612 [ModalContext] INFO  o.e.m.c.i.e.AbstractTransferListenerAdapter - Downloading https://repo.maven.apache.org/maven2/org/apache/maven/archetypes/maven-archetype-quickstart/1.5/maven-archetype-quickstart-1.5.pom
2024-12-12 11:38:54,625 [ModalContext] INFO  o.e.m.c.i.e.AbstractTransferListenerAdapter - Downloaded https://repo.maven.apache.org/maven2/org/apache/maven/archetypes/maven-archetype-quickstart/1.5/maven-archetype-quickstart-1.5.pom
2024-12-12 11:38:54,650 [ModalContext] INFO  o.e.m.c.i.e.AbstractTransferListenerAdapter - Downloading https://repo.maven.apache.org/maven2/org/apache/maven/archetypes/maven-archetype-bundles/1.5/maven-archetype-bundles-1.5.pom
2024-12-12 11:38:54,653 [ModalContext] INFO  o.e.m.c.i.e.AbstractTransferListenerAdapter - Downloaded https://repo.maven.apache.org/maven2/org/apache/maven/archetypes/maven-archetype-bundles/1.5/maven-archetype-bundles-1.5.pom
2024-12-12 11:38:54,686 [ModalContext] INFO  o.e.m.c.i.e.AbstractTransferListenerAdapter - Downloading https://repo.maven.apache.org/maven2/org/apache/maven/archetypes/maven-archetype-quickstart/1.5/maven-archetype-quickstart-1.5.jar
2024-12-12 11:38:54,690 [ModalContext] INFO  o.e.m.c.i.e.AbstractTransferListenerAdapter - Downloaded https://repo.maven.apache.org/maven2/org/apache/maven/archetypes/maven-archetype-quickstart/1.5/maven-archetype-quickstart-1.5.jar
2024-12-12 11:39:44,493 [Worker-14: Launching mavenrun-688dec90-0a80-45e5-8cb3-19ae8105d070] INFO  o.eclipse.m2e.core.internal.Bundles - getClasspathEntries(Bundle=org.eclipse.m2e.maven.runtime_3.9.900.20240824-1409 [297])
2024-12-12 11:39:44,496 [Worker-14: Launching mavenrun-688dec90-0a80-45e5-8cb3-19ae8105d070] INFO  o.eclipse.m2e.core.internal.Bundles - 	Entry: C:\Users\fathe\.p2\pool\plugins\org.eclipse.m2e.maven.runtime_3.9.900.20240824-1409
2024-12-12 11:39:44,496 [Worker-14: Launching mavenrun-688dec90-0a80-45e5-8cb3-19ae8105d070] INFO  o.eclipse.m2e.core.internal.Bundles - 	Entry: C:\Users\fathe\.p2\pool\plugins\org.eclipse.m2e.maven.runtime_3.9.900.20240824-1409\jars\aopalliance-1.0.jar
2024-12-12 11:39:44,496 [Worker-14: Launching mavenrun-688dec90-0a80-45e5-8cb3-19ae8105d070] INFO  o.eclipse.m2e.core.internal.Bundles - 	Entry: C:\Users\fathe\.p2\pool\plugins\org.eclipse.m2e.maven.runtime_3.9.900.20240824-1409\jars\guice-5.1.0.jar
2024-12-12 11:39:44,497 [Worker-14: Launching mavenrun-688dec90-0a80-45e5-8cb3-19ae8105d070] INFO  o.eclipse.m2e.core.internal.Bundles - 	Entry: C:\Users\fathe\.p2\pool\plugins\org.eclipse.m2e.maven.runtime_3.9.900.20240824-1409\jars\httpclient-4.5.14.jar
2024-12-12 11:39:44,497 [Worker-14: Launching mavenrun-688dec90-0a80-45e5-8cb3-19ae8105d070] INFO  o.eclipse.m2e.core.internal.Bundles - 	Entry: C:\Users\fathe\.p2\pool\plugins\org.eclipse.m2e.maven.runtime_3.9.900.20240824-1409\jars\httpcore-4.4.16.jar
2024-12-12 11:39:44,497 [Worker-14: Launching mavenrun-688dec90-0a80-45e5-8cb3-19ae8105d070] INFO  o.eclipse.m2e.core.internal.Bundles - 	Entry: C:\Users\fathe\.p2\pool\plugins\org.eclipse.m2e.maven.runtime_3.9.900.20240824-1409\jars\jansi-2.4.1.jar
2024-12-12 11:39:44,498 [Worker-14: Launching mavenrun-688dec90-0a80-45e5-8cb3-19ae8105d070] INFO  o.eclipse.m2e.core.internal.Bundles - 	Entry: C:\Users\fathe\.p2\pool\plugins\org.eclipse.m2e.maven.runtime_3.9.900.20240824-1409\jars\jcl-over-slf4j-1.7.36.jar
2024-12-12 11:39:44,499 [Worker-14: Launching mavenrun-688dec90-0a80-45e5-8cb3-19ae8105d070] INFO  o.eclipse.m2e.core.internal.Bundles - 	Entry: C:\Users\fathe\.p2\pool\plugins\org.eclipse.m2e.maven.runtime_3.9.900.20240824-1409\jars\maven-artifact-3.9.9.jar
2024-12-12 11:39:44,500 [Worker-14: Launching mavenrun-688dec90-0a80-45e5-8cb3-19ae8105d070] INFO  o.eclipse.m2e.core.internal.Bundles - 	Entry: C:\Users\fathe\.p2\pool\plugins\org.eclipse.m2e.maven.runtime_3.9.900.20240824-1409\jars\maven-builder-support-3.9.9.jar
2024-12-12 11:39:44,501 [Worker-14: Launching mavenrun-688dec90-0a80-45e5-8cb3-19ae8105d070] INFO  o.eclipse.m2e.core.internal.Bundles - 	Entry: C:\Users\fathe\.p2\pool\plugins\org.eclipse.m2e.maven.runtime_3.9.900.20240824-1409\jars\maven-compat-3.9.9.jar
2024-12-12 11:39:44,501 [Worker-14: Launching mavenrun-688dec90-0a80-45e5-8cb3-19ae8105d070] INFO  o.eclipse.m2e.core.internal.Bundles - 	Entry: C:\Users\fathe\.p2\pool\plugins\org.eclipse.m2e.maven.runtime_3.9.900.20240824-1409\jars\maven-core-3.9.9.jar
2024-12-12 11:39:44,501 [Worker-14: Launching mavenrun-688dec90-0a80-45e5-8cb3-19ae8105d070] INFO  o.eclipse.m2e.core.internal.Bundles - 	Entry: C:\Users\fathe\.p2\pool\plugins\org.eclipse.m2e.maven.runtime_3.9.900.20240824-1409\jars\maven-embedder-3.9.9.jar
2024-12-12 11:39:44,501 [Worker-14: Launching mavenrun-688dec90-0a80-45e5-8cb3-19ae8105d070] INFO  o.eclipse.m2e.core.internal.Bundles - 	Entry: C:\Users\fathe\.p2\pool\plugins\org.eclipse.m2e.maven.runtime_3.9.900.20240824-1409\jars\maven-model-3.9.9.jar
2024-12-12 11:39:44,501 [Worker-14: Launching mavenrun-688dec90-0a80-45e5-8cb3-19ae8105d070] INFO  o.eclipse.m2e.core.internal.Bundles - 	Entry: C:\Users\fathe\.p2\pool\plugins\org.eclipse.m2e.maven.runtime_3.9.900.20240824-1409\jars\maven-model-builder-3.9.9.jar
2024-12-12 11:39:44,502 [Worker-14: Launching mavenrun-688dec90-0a80-45e5-8cb3-19ae8105d070] INFO  o.eclipse.m2e.core.internal.Bundles - 	Entry: C:\Users\fathe\.p2\pool\plugins\org.eclipse.m2e.maven.runtime_3.9.900.20240824-1409\jars\maven-plugin-api-3.9.9.jar
2024-12-12 11:39:44,502 [Worker-14: Launching mavenrun-688dec90-0a80-45e5-8cb3-19ae8105d070] INFO  o.eclipse.m2e.core.internal.Bundles - 	Entry: C:\Users\fathe\.p2\pool\plugins\org.eclipse.m2e.maven.runtime_3.9.900.20240824-1409\jars\maven-repository-metadata-3.9.9.jar
2024-12-12 11:39:44,502 [Worker-14: Launching mavenrun-688dec90-0a80-45e5-8cb3-19ae8105d070] INFO  o.eclipse.m2e.core.internal.Bundles - 	Entry: C:\Users\fathe\.p2\pool\plugins\org.eclipse.m2e.maven.runtime_3.9.900.20240824-1409\jars\maven-resolver-api-1.9.22.jar
2024-12-12 11:39:44,502 [Worker-14: Launching mavenrun-688dec90-0a80-45e5-8cb3-19ae8105d070] INFO  o.eclipse.m2e.core.internal.Bundles - 	Entry: C:\Users\fathe\.p2\pool\plugins\org.eclipse.m2e.maven.runtime_3.9.900.20240824-1409\jars\maven-resolver-connector-basic-1.9.22.jar
2024-12-12 11:39:44,502 [Worker-14: Launching mavenrun-688dec90-0a80-45e5-8cb3-19ae8105d070] INFO  o.eclipse.m2e.core.internal.Bundles - 	Entry: C:\Users\fathe\.p2\pool\plugins\org.eclipse.m2e.maven.runtime_3.9.900.20240824-1409\jars\maven-resolver-impl-1.9.22.jar
2024-12-12 11:39:44,502 [Worker-14: Launching mavenrun-688dec90-0a80-45e5-8cb3-19ae8105d070] INFO  o.eclipse.m2e.core.internal.Bundles - 	Entry: C:\Users\fathe\.p2\pool\plugins\org.eclipse.m2e.maven.runtime_3.9.900.20240824-1409\jars\maven-resolver-named-locks-1.9.22.jar
2024-12-12 11:39:44,503 [Worker-14: Launching mavenrun-688dec90-0a80-45e5-8cb3-19ae8105d070] INFO  o.eclipse.m2e.core.internal.Bundles - 	Entry: C:\Users\fathe\.p2\pool\plugins\org.eclipse.m2e.maven.runtime_3.9.900.20240824-1409\jars\maven-resolver-provider-3.9.9.jar
2024-12-12 11:39:44,503 [Worker-14: Launching mavenrun-688dec90-0a80-45e5-8cb3-19ae8105d070] INFO  o.eclipse.m2e.core.internal.Bundles - 	Entry: C:\Users\fathe\.p2\pool\plugins\org.eclipse.m2e.maven.runtime_3.9.900.20240824-1409\jars\maven-resolver-spi-1.9.22.jar
2024-12-12 11:39:44,503 [Worker-14: Launching mavenrun-688dec90-0a80-45e5-8cb3-19ae8105d070] INFO  o.eclipse.m2e.core.internal.Bundles - 	Entry: C:\Users\fathe\.p2\pool\plugins\org.eclipse.m2e.maven.runtime_3.9.900.20240824-1409\jars\maven-resolver-transport-file-1.9.22.jar
2024-12-12 11:39:44,503 [Worker-14: Launching mavenrun-688dec90-0a80-45e5-8cb3-19ae8105d070] INFO  o.eclipse.m2e.core.internal.Bundles - 	Entry: C:\Users\fathe\.p2\pool\plugins\org.eclipse.m2e.maven.runtime_3.9.900.20240824-1409\jars\maven-resolver-transport-http-1.9.22.jar
2024-12-12 11:39:44,504 [Worker-14: Launching mavenrun-688dec90-0a80-45e5-8cb3-19ae8105d070] INFO  o.eclipse.m2e.core.internal.Bundles - 	Entry: C:\Users\fathe\.p2\pool\plugins\org.eclipse.m2e.maven.runtime_3.9.900.20240824-1409\jars\maven-resolver-transport-wagon-1.9.22.jar
2024-12-12 11:39:44,504 [Worker-14: Launching mavenrun-688dec90-0a80-45e5-8cb3-19ae8105d070] INFO  o.eclipse.m2e.core.internal.Bundles - 	Entry: C:\Users\fathe\.p2\pool\plugins\org.eclipse.m2e.maven.runtime_3.9.900.20240824-1409\jars\maven-resolver-util-1.9.22.jar
2024-12-12 11:39:44,504 [Worker-14: Launching mavenrun-688dec90-0a80-45e5-8cb3-19ae8105d070] INFO  o.eclipse.m2e.core.internal.Bundles - 	Entry: C:\Users\fathe\.p2\pool\plugins\org.eclipse.m2e.maven.runtime_3.9.900.20240824-1409\jars\maven-settings-3.9.9.jar
2024-12-12 11:39:44,504 [Worker-14: Launching mavenrun-688dec90-0a80-45e5-8cb3-19ae8105d070] INFO  o.eclipse.m2e.core.internal.Bundles - 	Entry: C:\Users\fathe\.p2\pool\plugins\org.eclipse.m2e.maven.runtime_3.9.900.20240824-1409\jars\maven-settings-builder-3.9.9.jar
2024-12-12 11:39:44,504 [Worker-14: Launching mavenrun-688dec90-0a80-45e5-8cb3-19ae8105d070] INFO  o.eclipse.m2e.core.internal.Bundles - 	Entry: C:\Users\fathe\.p2\pool\plugins\org.eclipse.m2e.maven.runtime_3.9.900.20240824-1409\jars\maven-shared-utils-3.4.2.jar
2024-12-12 11:39:44,505 [Worker-14: Launching mavenrun-688dec90-0a80-45e5-8cb3-19ae8105d070] INFO  o.eclipse.m2e.core.internal.Bundles - 	Entry: C:\Users\fathe\.p2\pool\plugins\org.eclipse.m2e.maven.runtime_3.9.900.20240824-1409\jars\org.eclipse.sisu.inject-0.9.0.M3.jar
2024-12-12 11:39:44,505 [Worker-14: Launching mavenrun-688dec90-0a80-45e5-8cb3-19ae8105d070] INFO  o.eclipse.m2e.core.internal.Bundles - 	Entry: C:\Users\fathe\.p2\pool\plugins\org.eclipse.m2e.maven.runtime_3.9.900.20240824-1409\jars\org.eclipse.sisu.plexus-0.9.0.M3.jar
2024-12-12 11:39:44,506 [Worker-14: Launching mavenrun-688dec90-0a80-45e5-8cb3-19ae8105d070] INFO  o.eclipse.m2e.core.internal.Bundles - 	Entry: C:\Users\fathe\.p2\pool\plugins\org.eclipse.m2e.maven.runtime_3.9.900.20240824-1409\jars\plexus-build-api-0.0.7.jar
2024-12-12 11:39:44,506 [Worker-14: Launching mavenrun-688dec90-0a80-45e5-8cb3-19ae8105d070] INFO  o.eclipse.m2e.core.internal.Bundles - 	Entry: C:\Users\fathe\.p2\pool\plugins\org.eclipse.m2e.maven.runtime_3.9.900.20240824-1409\jars\plexus-build-api-1.2.0.jar
2024-12-12 11:39:44,507 [Worker-14: Launching mavenrun-688dec90-0a80-45e5-8cb3-19ae8105d070] INFO  o.eclipse.m2e.core.internal.Bundles - 	Entry: C:\Users\fathe\.p2\pool\plugins\org.eclipse.m2e.maven.runtime_3.9.900.20240824-1409\jars\plexus-cipher-2.0.jar
2024-12-12 11:39:44,508 [Worker-14: Launching mavenrun-688dec90-0a80-45e5-8cb3-19ae8105d070] INFO  o.eclipse.m2e.core.internal.Bundles - 	Entry: C:\Users\fathe\.p2\pool\plugins\org.eclipse.m2e.maven.runtime_3.9.900.20240824-1409\jars\plexus-classworlds-2.8.0.jar
2024-12-12 11:39:44,509 [Worker-14: Launching mavenrun-688dec90-0a80-45e5-8cb3-19ae8105d070] INFO  o.eclipse.m2e.core.internal.Bundles - 	Entry: C:\Users\fathe\.p2\pool\plugins\org.eclipse.m2e.maven.runtime_3.9.900.20240824-1409\jars\plexus-component-annotations-2.1.0.jar
2024-12-12 11:39:44,509 [Worker-14: Launching mavenrun-688dec90-0a80-45e5-8cb3-19ae8105d070] INFO  o.eclipse.m2e.core.internal.Bundles - 	Entry: C:\Users\fathe\.p2\pool\plugins\org.eclipse.m2e.maven.runtime_3.9.900.20240824-1409\jars\plexus-interpolation-1.27.jar
2024-12-12 11:39:44,509 [Worker-14: Launching mavenrun-688dec90-0a80-45e5-8cb3-19ae8105d070] INFO  o.eclipse.m2e.core.internal.Bundles - 	Entry: C:\Users\fathe\.p2\pool\plugins\org.eclipse.m2e.maven.runtime_3.9.900.20240824-1409\jars\plexus-sec-dispatcher-2.0.jar
2024-12-12 11:39:44,509 [Worker-14: Launching mavenrun-688dec90-0a80-45e5-8cb3-19ae8105d070] INFO  o.eclipse.m2e.core.internal.Bundles - 	Entry: C:\Users\fathe\.p2\pool\plugins\org.eclipse.m2e.maven.runtime_3.9.900.20240824-1409\jars\plexus-utils-3.5.1.jar
2024-12-12 11:39:44,509 [Worker-14: Launching mavenrun-688dec90-0a80-45e5-8cb3-19ae8105d070] INFO  o.eclipse.m2e.core.internal.Bundles - 	Entry: C:\Users\fathe\.p2\pool\plugins\org.eclipse.m2e.maven.runtime_3.9.900.20240824-1409\jars\plexus-xml-3.0.1.jar
2024-12-12 11:39:44,509 [Worker-14: Launching mavenrun-688dec90-0a80-45e5-8cb3-19ae8105d070] INFO  o.eclipse.m2e.core.internal.Bundles - 	Entry: C:\Users\fathe\.p2\pool\plugins\org.eclipse.m2e.maven.runtime_3.9.900.20240824-1409\jars\wagon-file-3.5.3.jar
2024-12-12 11:39:44,509 [Worker-14: Launching mavenrun-688dec90-0a80-45e5-8cb3-19ae8105d070] INFO  o.eclipse.m2e.core.internal.Bundles - 	Entry: C:\Users\fathe\.p2\pool\plugins\org.eclipse.m2e.maven.runtime_3.9.900.20240824-1409\jars\wagon-http-3.5.3.jar
2024-12-12 11:39:44,510 [Worker-14: Launching mavenrun-688dec90-0a80-45e5-8cb3-19ae8105d070] INFO  o.eclipse.m2e.core.internal.Bundles - 	Entry: C:\Users\fathe\.p2\pool\plugins\org.eclipse.m2e.maven.runtime_3.9.900.20240824-1409\jars\wagon-http-shared-3.5.3.jar
2024-12-12 11:39:44,510 [Worker-14: Launching mavenrun-688dec90-0a80-45e5-8cb3-19ae8105d070] INFO  o.eclipse.m2e.core.internal.Bundles - 	Entry: C:\Users\fathe\.p2\pool\plugins\org.eclipse.m2e.maven.runtime_3.9.900.20240824-1409\jars\wagon-provider-api-3.5.3.jar
2024-12-12 11:39:44,511 [Worker-14: Launching mavenrun-688dec90-0a80-45e5-8cb3-19ae8105d070] INFO  o.eclipse.m2e.core.internal.Bundles - getClasspathEntries(Bundle=com.google.guava_33.3.0.jre [10])
2024-12-12 11:39:44,512 [Worker-14: Launching mavenrun-688dec90-0a80-45e5-8cb3-19ae8105d070] INFO  o.eclipse.m2e.core.internal.Bundles - 	Entry: C:\Users\fathe\.p2\pool\plugins\com.google.guava_33.3.0.jre.jar
2024-12-12 11:39:44,512 [Worker-14: Launching mavenrun-688dec90-0a80-45e5-8cb3-19ae8105d070] INFO  o.eclipse.m2e.core.internal.Bundles - getClasspathEntries(Bundle=slf4j.api_2.0.16 [519])
2024-12-12 11:39:44,512 [Worker-14: Launching mavenrun-688dec90-0a80-45e5-8cb3-19ae8105d070] INFO  o.eclipse.m2e.core.internal.Bundles - 	Entry: C:\Users\fathe\.p2\pool\plugins\slf4j.api_2.0.16.jar
2024-12-12 11:39:44,512 [Worker-14: Launching mavenrun-688dec90-0a80-45e5-8cb3-19ae8105d070] INFO  o.eclipse.m2e.core.internal.Bundles - getClasspathEntries(Bundle=jakarta.inject.jakarta.inject-api_1.0.5 [22])
2024-12-12 11:39:44,513 [Worker-14: Launching mavenrun-688dec90-0a80-45e5-8cb3-19ae8105d070] INFO  o.eclipse.m2e.core.internal.Bundles - 	Entry: C:\Users\fathe\.p2\pool\plugins\jakarta.inject.jakarta.inject-api_1.0.5.jar
2024-12-12 11:39:44,513 [Worker-14: Launching mavenrun-688dec90-0a80-45e5-8cb3-19ae8105d070] INFO  o.eclipse.m2e.core.internal.Bundles - getClasspathEntries(Bundle=jakarta.annotation-api_1.3.5 [20])
2024-12-12 11:39:44,513 [Worker-14: Launching mavenrun-688dec90-0a80-45e5-8cb3-19ae8105d070] INFO  o.eclipse.m2e.core.internal.Bundles - 	Entry: C:\Users\fathe\.p2\pool\plugins\jakarta.annotation-api_1.3.5.jar
2024-12-12 11:39:44,513 [Worker-14: Launching mavenrun-688dec90-0a80-45e5-8cb3-19ae8105d070] INFO  o.eclipse.m2e.core.internal.Bundles - getClasspathEntries(Bundle=org.apache.commons.cli_1.9.0 [47])
2024-12-12 11:39:44,514 [Worker-14: Launching mavenrun-688dec90-0a80-45e5-8cb3-19ae8105d070] INFO  o.eclipse.m2e.core.internal.Bundles - 	Entry: C:\Users\fathe\.p2\pool\plugins\org.apache.commons.cli_1.9.0.jar
2024-12-12 11:39:44,514 [Worker-14: Launching mavenrun-688dec90-0a80-45e5-8cb3-19ae8105d070] INFO  o.eclipse.m2e.core.internal.Bundles - getClasspathEntries(Bundle=org.apache.commons.commons-codec_1.16.0 [50])
2024-12-12 11:39:44,516 [Worker-14: Launching mavenrun-688dec90-0a80-45e5-8cb3-19ae8105d070] INFO  o.eclipse.m2e.core.internal.Bundles - 	Entry: C:\Users\fathe\.p2\pool\plugins\org.apache.commons.commons-codec_1.16.0.jar
2024-12-12 11:39:44,516 [Worker-14: Launching mavenrun-688dec90-0a80-45e5-8cb3-19ae8105d070] INFO  o.eclipse.m2e.core.internal.Bundles - getClasspathEntries(Bundle=com.google.guava.failureaccess_1.0.2 [11])
2024-12-12 11:39:44,517 [Worker-14: Launching mavenrun-688dec90-0a80-45e5-8cb3-19ae8105d070] INFO  o.eclipse.m2e.core.internal.Bundles - 	Entry: C:\Users\fathe\.p2\pool\plugins\com.google.guava.failureaccess_1.0.2.jar
2024-12-12 11:39:44,519 [Worker-14: Launching mavenrun-688dec90-0a80-45e5-8cb3-19ae8105d070] INFO  o.e.m.i.launch.MavenLaunchDelegate - Run build in "C:\Users\fathe\AppData\Local\Temp\m2e-archetypeGenerator18173443586167357146":
2024-12-12 11:39:44,524 [Worker-14: Launching mavenrun-688dec90-0a80-45e5-8cb3-19ae8105d070] INFO  o.e.m.i.launch.MavenLaunchDelegate -  mvn  -DjavaCompilerVersion=17 -DjunitVersion=5.11.0 -DarchetypeGroupId=org.apache.maven.archetypes -DarchetypeArtifactId=maven-archetype-quickstart -DarchetypeVersion=1.5 -DgroupId=com.javatechie.app -DartifactId=sonar-example -Dversion=0.0.1-SNAPSHOT -Dpackage=com.javatechie.app.sonar_example -DoutputDirectory=C:\Users\fathe\Workspace1 -Dstyle.color=always -U archetype:generate
2024-12-12 11:40:04,723 [Worker-9: Creating maven-archetype-quickstart] INFO  o.e.m.c.i.p.ProjectConfigurationManager - Collecting project info '/pom.xml' C:\Users\fathe\Workspace1\sonar-example\pom.xml
2024-12-12 11:40:04,943 [Worker-9: Creating maven-archetype-quickstart] INFO  o.e.m.c.i.e.AbstractTransferListenerAdapter - Downloading https://repo.maven.apache.org/maven2/org/apache/maven/plugins/maven-clean-plugin/3.4.0/maven-clean-plugin-3.4.0.jar
2024-12-12 11:40:04,953 [Worker-9: Creating maven-archetype-quickstart] INFO  o.e.m.c.i.e.AbstractTransferListenerAdapter - Downloaded https://repo.maven.apache.org/maven2/org/apache/maven/plugins/maven-clean-plugin/3.4.0/maven-clean-plugin-3.4.0.jar
2024-12-12 11:40:04,983 [Worker-9: Creating maven-archetype-quickstart] INFO  o.e.m.c.i.e.AbstractTransferListenerAdapter - Downloading https://repo.maven.apache.org/maven2/org/apache/maven/plugins/maven-surefire-plugin/3.3.0/maven-surefire-plugin-3.3.0.jar
2024-12-12 11:40:04,989 [Worker-9: Creating maven-archetype-quickstart] INFO  o.e.m.c.i.e.AbstractTransferListenerAdapter - Downloaded https://repo.maven.apache.org/maven2/org/apache/maven/plugins/maven-surefire-plugin/3.3.0/maven-surefire-plugin-3.3.0.jar
2024-12-12 11:40:05,015 [Worker-9: Creating maven-archetype-quickstart] INFO  o.e.m.c.i.e.AbstractTransferListenerAdapter - Downloading https://repo.maven.apache.org/maven2/org/apache/maven/plugins/maven-jar-plugin/3.4.2/maven-jar-plugin-3.4.2.jar
2024-12-12 11:40:05,024 [Worker-9: Creating maven-archetype-quickstart] INFO  o.e.m.c.i.e.AbstractTransferListenerAdapter - Downloaded https://repo.maven.apache.org/maven2/org/apache/maven/plugins/maven-jar-plugin/3.4.2/maven-jar-plugin-3.4.2.jar
2024-12-12 11:40:05,318 [Worker-9: Creating maven-archetype-quickstart] INFO  o.e.m.c.i.l.LifecycleMappingFactory - Using org.eclipse.m2e.jdt.JarLifecycleMapping lifecycle mapping for MavenProject: com.javatechie.app:sonar-example:0.0.1-SNAPSHOT @ C:\Users\fathe\Workspace1\sonar-example\pom.xml.
2024-12-12 11:40:05,341 [Worker-9: Creating maven-archetype-quickstart] INFO  o.e.m.c.i.e.AbstractTransferListenerAdapter - Downloading https://repo.maven.apache.org/maven2/org/junit/jupiter/junit-jupiter-api/5.11.0/junit-jupiter-api-5.11.0.pom
2024-12-12 11:40:05,344 [Worker-9: Creating maven-archetype-quickstart] INFO  o.e.m.c.i.e.AbstractTransferListenerAdapter - Downloaded https://repo.maven.apache.org/maven2/org/junit/jupiter/junit-jupiter-api/5.11.0/junit-jupiter-api-5.11.0.pom
2024-12-12 11:40:05,374 [Worker-9: Creating maven-archetype-quickstart] INFO  o.e.m.c.i.e.AbstractTransferListenerAdapter - Downloading https://repo.maven.apache.org/maven2/org/junit/platform/junit-platform-commons/1.11.0/junit-platform-commons-1.11.0.pom
2024-12-12 11:40:05,378 [Worker-9: Creating maven-archetype-quickstart] INFO  o.e.m.c.i.e.AbstractTransferListenerAdapter - Downloaded https://repo.maven.apache.org/maven2/org/junit/platform/junit-platform-commons/1.11.0/junit-platform-commons-1.11.0.pom
2024-12-12 11:40:05,403 [Worker-9: Creating maven-archetype-quickstart] INFO  o.e.m.c.i.e.AbstractTransferListenerAdapter - Downloading https://repo.maven.apache.org/maven2/org/junit/jupiter/junit-jupiter-params/5.11.0/junit-jupiter-params-5.11.0.pom
2024-12-12 11:40:05,407 [Worker-9: Creating maven-archetype-quickstart] INFO  o.e.m.c.i.e.AbstractTransferListenerAdapter - Downloaded https://repo.maven.apache.org/maven2/org/junit/jupiter/junit-jupiter-params/5.11.0/junit-jupiter-params-5.11.0.pom
2024-12-12 11:40:05,432 [Worker-9: Creating maven-archetype-quickstart] INFO  o.e.m.c.i.e.AbstractTransferListenerAdapter - Downloading https://repo.maven.apache.org/maven2/org/junit/jupiter/junit-jupiter-api/5.11.0/junit-jupiter-api-5.11.0.jar
2024-12-12 11:40:05,461 [Worker-9: Creating maven-archetype-quickstart] INFO  o.e.m.c.i.e.AbstractTransferListenerAdapter - Downloaded https://repo.maven.apache.org/maven2/org/junit/jupiter/junit-jupiter-api/5.11.0/junit-jupiter-api-5.11.0.jar
2024-12-12 11:40:05,482 [BasicRepositoryConnector-repo.maven.apache.org-0-1] INFO  o.e.m.c.i.e.AbstractTransferListenerAdapter - Downloading https://repo.maven.apache.org/maven2/org/junit/jupiter/junit-jupiter-params/5.11.0/junit-jupiter-params-5.11.0.jar
2024-12-12 11:40:05,516 [BasicRepositoryConnector-repo.maven.apache.org-0-1] INFO  o.e.m.c.i.e.AbstractTransferListenerAdapter - Downloaded https://repo.maven.apache.org/maven2/org/junit/jupiter/junit-jupiter-params/5.11.0/junit-jupiter-params-5.11.0.jar
2024-12-12 11:40:05,526 [BasicRepositoryConnector-repo.maven.apache.org-0-0] INFO  o.e.m.c.i.e.AbstractTransferListenerAdapter - Downloading https://repo.maven.apache.org/maven2/org/junit/platform/junit-platform-commons/1.11.0/junit-platform-commons-1.11.0.jar
2024-12-12 11:40:05,559 [BasicRepositoryConnector-repo.maven.apache.org-0-0] INFO  o.e.m.c.i.e.AbstractTransferListenerAdapter - Downloaded https://repo.maven.apache.org/maven2/org/junit/platform/junit-platform-commons/1.11.0/junit-platform-commons-1.11.0.jar
2024-12-12 11:40:05,610 [Worker-9: Creating maven-archetype-quickstart] INFO  o.e.m.c.i.e.AbstractTransferListenerAdapter - Downloading https://repo.maven.apache.org/maven2/org/apache/maven/plugins/maven-surefire-plugin/3.3.0/maven-surefire-plugin-3.3.0.pom
2024-12-12 11:40:05,630 [Worker-9: Creating maven-archetype-quickstart] INFO  o.e.m.c.i.e.AbstractTransferListenerAdapter - Downloaded https://repo.maven.apache.org/maven2/org/apache/maven/plugins/maven-surefire-plugin/3.3.0/maven-surefire-plugin-3.3.0.pom
2024-12-12 11:40:05,673 [Worker-9: Creating maven-archetype-quickstart] INFO  o.e.m.c.i.e.AbstractTransferListenerAdapter - Downloading https://repo.maven.apache.org/maven2/org/apache/maven/surefire/surefire/3.3.0/surefire-3.3.0.pom
2024-12-12 11:40:05,678 [Worker-9: Creating maven-archetype-quickstart] INFO  o.e.m.c.i.e.AbstractTransferListenerAdapter - Downloaded https://repo.maven.apache.org/maven2/org/apache/maven/surefire/surefire/3.3.0/surefire-3.3.0.pom
2024-12-12 11:40:05,718 [Worker-9: Creating maven-archetype-quickstart] INFO  o.e.m.c.i.e.AbstractTransferListenerAdapter - Downloading https://repo.maven.apache.org/maven2/org/apache/maven/plugins/maven-jar-plugin/3.4.2/maven-jar-plugin-3.4.2.pom
2024-12-12 11:40:05,725 [Worker-9: Creating maven-archetype-quickstart] INFO  o.e.m.c.i.e.AbstractTransferListenerAdapter - Downloaded https://repo.maven.apache.org/maven2/org/apache/maven/plugins/maven-jar-plugin/3.4.2/maven-jar-plugin-3.4.2.pom
2024-12-12 11:40:06,259 [Worker-9: Creating maven-archetype-quickstart] INFO  o.e.m.j.i.AbstractJavaProjectConfigurator - Adding source folder /sonar-example/src/main/java
2024-12-12 11:40:06,261 [Worker-9: Creating maven-archetype-quickstart] INFO  o.e.m.j.i.AbstractJavaProjectConfigurator - Adding resource folder /sonar-example/src/main/resources
2024-12-12 11:40:06,264 [Worker-9: Creating maven-archetype-quickstart] INFO  o.e.m.j.i.AbstractJavaProjectConfigurator - Adding source folder /sonar-example/src/test/java
2024-12-12 11:40:06,267 [Worker-9: Creating maven-archetype-quickstart] INFO  o.e.m.j.i.AbstractJavaProjectConfigurator - Adding resource folder /sonar-example/src/test/resources
2024-12-12 11:40:06,434 [Worker-9: Creating maven-archetype-quickstart] INFO  o.e.m.c.i.p.ProjectConfigurationManager - Imported and configured 1 project(s) in 1 sec
2024-12-12 11:40:07,026 [Worker-31: Building] INFO  o.a.m.s.f.DefaultMavenResourcesFiltering - skip non existing resourceDirectory C:\Users\fathe\Workspace1\sonar-example\src\main\resources
2024-12-12 11:40:07,030 [Worker-31: Building] INFO  o.a.m.s.f.DefaultMavenResourcesFiltering - skip non existing resourceDirectory C:\Users\fathe\Workspace1\sonar-example\src\test\resources
2024-12-12 11:40:07,166 [Worker-14: Download sources and javadoc] INFO  o.e.m.c.i.e.AbstractTransferListenerAdapter - Downloading https://repo.maven.apache.org/maven2/org/junit/jupiter/junit-jupiter-api/5.11.0/junit-jupiter-api-5.11.0-sources.jar
2024-12-12 11:40:07,210 [Worker-14: Download sources and javadoc] INFO  o.e.m.c.i.e.AbstractTransferListenerAdapter - Downloaded https://repo.maven.apache.org/maven2/org/junit/jupiter/junit-jupiter-api/5.11.0/junit-jupiter-api-5.11.0-sources.jar
2024-12-12 11:40:07,215 [Worker-14: Download sources and javadoc] INFO  o.e.m.j.internal.DownloadSourcesJob - Downloaded sources for org.junit.jupiter:junit-jupiter-api:5.11.0
2024-12-12 11:40:07,269 [Worker-14: Download sources and javadoc] INFO  o.e.m.c.i.e.AbstractTransferListenerAdapter - Downloading https://repo.maven.apache.org/maven2/org/junit/platform/junit-platform-commons/1.11.0/junit-platform-commons-1.11.0-sources.jar
2024-12-12 11:40:07,296 [Worker-14: Download sources and javadoc] INFO  o.e.m.c.i.e.AbstractTransferListenerAdapter - Downloaded https://repo.maven.apache.org/maven2/org/junit/platform/junit-platform-commons/1.11.0/junit-platform-commons-1.11.0-sources.jar
2024-12-12 11:40:07,301 [Worker-14: Download sources and javadoc] INFO  o.e.m.j.internal.DownloadSourcesJob - Downloaded sources for org.junit.platform:junit-platform-commons:1.11.0
2024-12-12 11:40:07,377 [Worker-14: Download sources and javadoc] INFO  o.e.m.c.i.e.AbstractTransferListenerAdapter - Downloading https://repo.maven.apache.org/maven2/org/junit/jupiter/junit-jupiter-params/5.11.0/junit-jupiter-params-5.11.0-sources.jar
2024-12-12 11:40:07,396 [Worker-14: Download sources and javadoc] INFO  o.e.m.c.i.e.AbstractTransferListenerAdapter - Downloaded https://repo.maven.apache.org/maven2/org/junit/jupiter/junit-jupiter-params/5.11.0/junit-jupiter-params-5.11.0-sources.jar
2024-12-12 11:40:07,399 [Worker-14: Download sources and javadoc] INFO  o.e.m.j.internal.DownloadSourcesJob - Downloaded sources for org.junit.jupiter:junit-jupiter-params:5.11.0
2024-12-12 11:51:16,588 [Worker-29: Building] INFO  o.e.m.c.i.l.LifecycleMappingFactory - Using org.eclipse.m2e.jdt.JarLifecycleMapping lifecycle mapping for MavenProject: com.javatechie.app:sonar-example:0.0.1-SNAPSHOT @ C:\Users\fathe\Workspace1\sonar-example\pom.xml.
2024-12-12 11:51:16,746 [Worker-29: Building] INFO  o.a.m.s.f.DefaultMavenResourcesFiltering - skip non existing resourceDirectory C:\Users\fathe\Workspace1\sonar-example\src\main\resources
2024-12-12 11:51:16,749 [Worker-29: Building] INFO  o.a.m.s.f.DefaultMavenResourcesFiltering - skip non existing resourceDirectory C:\Users\fathe\Workspace1\sonar-example\src\test\resources
2024-12-12 11:51:26,509 [Worker-32: Launching Executing install in C__Users_fathe_Workspace1_sonar-example] INFO  o.eclipse.m2e.core.internal.Bundles - getClasspathEntries(Bundle=org.eclipse.m2e.maven.runtime_3.9.900.20240824-1409 [297])
2024-12-12 11:51:26,510 [Worker-32: Launching Executing install in C__Users_fathe_Workspace1_sonar-example] INFO  o.eclipse.m2e.core.internal.Bundles - 	Entry: C:\Users\fathe\.p2\pool\plugins\org.eclipse.m2e.maven.runtime_3.9.900.20240824-1409
2024-12-12 11:51:26,510 [Worker-32: Launching Executing install in C__Users_fathe_Workspace1_sonar-example] INFO  o.eclipse.m2e.core.internal.Bundles - 	Entry: C:\Users\fathe\.p2\pool\plugins\org.eclipse.m2e.maven.runtime_3.9.900.20240824-1409\jars\aopalliance-1.0.jar
2024-12-12 11:51:26,510 [Worker-32: Launching Executing install in C__Users_fathe_Workspace1_sonar-example] INFO  o.eclipse.m2e.core.internal.Bundles - 	Entry: C:\Users\fathe\.p2\pool\plugins\org.eclipse.m2e.maven.runtime_3.9.900.20240824-1409\jars\guice-5.1.0.jar
2024-12-12 11:51:26,511 [Worker-32: Launching Executing install in C__Users_fathe_Workspace1_sonar-example] INFO  o.eclipse.m2e.core.internal.Bundles - 	Entry: C:\Users\fathe\.p2\pool\plugins\org.eclipse.m2e.maven.runtime_3.9.900.20240824-1409\jars\httpclient-4.5.14.jar
2024-12-12 11:51:26,511 [Worker-32: Launching Executing install in C__Users_fathe_Workspace1_sonar-example] INFO  o.eclipse.m2e.core.internal.Bundles - 	Entry: C:\Users\fathe\.p2\pool\plugins\org.eclipse.m2e.maven.runtime_3.9.900.20240824-1409\jars\httpcore-4.4.16.jar
2024-12-12 11:51:26,511 [Worker-32: Launching Executing install in C__Users_fathe_Workspace1_sonar-example] INFO  o.eclipse.m2e.core.internal.Bundles - 	Entry: C:\Users\fathe\.p2\pool\plugins\org.eclipse.m2e.maven.runtime_3.9.900.20240824-1409\jars\jansi-2.4.1.jar
2024-12-12 11:51:26,511 [Worker-32: Launching Executing install in C__Users_fathe_Workspace1_sonar-example] INFO  o.eclipse.m2e.core.internal.Bundles - 	Entry: C:\Users\fathe\.p2\pool\plugins\org.eclipse.m2e.maven.runtime_3.9.900.20240824-1409\jars\jcl-over-slf4j-1.7.36.jar
2024-12-12 11:51:26,511 [Worker-32: Launching Executing install in C__Users_fathe_Workspace1_sonar-example] INFO  o.eclipse.m2e.core.internal.Bundles - 	Entry: C:\Users\fathe\.p2\pool\plugins\org.eclipse.m2e.maven.runtime_3.9.900.20240824-1409\jars\maven-artifact-3.9.9.jar
2024-12-12 11:51:26,511 [Worker-32: Launching Executing install in C__Users_fathe_Workspace1_sonar-example] INFO  o.eclipse.m2e.core.internal.Bundles - 	Entry: C:\Users\fathe\.p2\pool\plugins\org.eclipse.m2e.maven.runtime_3.9.900.20240824-1409\jars\maven-builder-support-3.9.9.jar
2024-12-12 11:51:26,511 [Worker-32: Launching Executing install in C__Users_fathe_Workspace1_sonar-example] INFO  o.eclipse.m2e.core.internal.Bundles - 	Entry: C:\Users\fathe\.p2\pool\plugins\org.eclipse.m2e.maven.runtime_3.9.900.20240824-1409\jars\maven-compat-3.9.9.jar
2024-12-12 11:51:26,512 [Worker-32: Launching Executing install in C__Users_fathe_Workspace1_sonar-example] INFO  o.eclipse.m2e.core.internal.Bundles - 	Entry: C:\Users\fathe\.p2\pool\plugins\org.eclipse.m2e.maven.runtime_3.9.900.20240824-1409\jars\maven-core-3.9.9.jar
2024-12-12 11:51:26,512 [Worker-32: Launching Executing install in C__Users_fathe_Workspace1_sonar-example] INFO  o.eclipse.m2e.core.internal.Bundles - 	Entry: C:\Users\fathe\.p2\pool\plugins\org.eclipse.m2e.maven.runtime_3.9.900.20240824-1409\jars\maven-embedder-3.9.9.jar
2024-12-12 11:51:26,512 [Worker-32: Launching Executing install in C__Users_fathe_Workspace1_sonar-example] INFO  o.eclipse.m2e.core.internal.Bundles - 	Entry: C:\Users\fathe\.p2\pool\plugins\org.eclipse.m2e.maven.runtime_3.9.900.20240824-1409\jars\maven-model-3.9.9.jar
2024-12-12 11:51:26,512 [Worker-32: Launching Executing install in C__Users_fathe_Workspace1_sonar-example] INFO  o.eclipse.m2e.core.internal.Bundles - 	Entry: C:\Users\fathe\.p2\pool\plugins\org.eclipse.m2e.maven.runtime_3.9.900.20240824-1409\jars\maven-model-builder-3.9.9.jar
2024-12-12 11:51:26,512 [Worker-32: Launching Executing install in C__Users_fathe_Workspace1_sonar-example] INFO  o.eclipse.m2e.core.internal.Bundles - 	Entry: C:\Users\fathe\.p2\pool\plugins\org.eclipse.m2e.maven.runtime_3.9.900.20240824-1409\jars\maven-plugin-api-3.9.9.jar
2024-12-12 11:51:26,512 [Worker-32: Launching Executing install in C__Users_fathe_Workspace1_sonar-example] INFO  o.eclipse.m2e.core.internal.Bundles - 	Entry: C:\Users\fathe\.p2\pool\plugins\org.eclipse.m2e.maven.runtime_3.9.900.20240824-1409\jars\maven-repository-metadata-3.9.9.jar
2024-12-12 11:51:26,513 [Worker-32: Launching Executing install in C__Users_fathe_Workspace1_sonar-example] INFO  o.eclipse.m2e.core.internal.Bundles - 	Entry: C:\Users\fathe\.p2\pool\plugins\org.eclipse.m2e.maven.runtime_3.9.900.20240824-1409\jars\maven-resolver-api-1.9.22.jar
2024-12-12 11:51:26,513 [Worker-32: Launching Executing install in C__Users_fathe_Workspace1_sonar-example] INFO  o.eclipse.m2e.core.internal.Bundles - 	Entry: C:\Users\fathe\.p2\pool\plugins\org.eclipse.m2e.maven.runtime_3.9.900.20240824-1409\jars\maven-resolver-connector-basic-1.9.22.jar
2024-12-12 11:51:26,513 [Worker-32: Launching Executing install in C__Users_fathe_Workspace1_sonar-example] INFO  o.eclipse.m2e.core.internal.Bundles - 	Entry: C:\Users\fathe\.p2\pool\plugins\org.eclipse.m2e.maven.runtime_3.9.900.20240824-1409\jars\maven-resolver-impl-1.9.22.jar
2024-12-12 11:51:26,514 [Worker-32: Launching Executing install in C__Users_fathe_Workspace1_sonar-example] INFO  o.eclipse.m2e.core.internal.Bundles - 	Entry: C:\Users\fathe\.p2\pool\plugins\org.eclipse.m2e.maven.runtime_3.9.900.20240824-1409\jars\maven-resolver-named-locks-1.9.22.jar
2024-12-12 11:51:26,514 [Worker-32: Launching Executing install in C__Users_fathe_Workspace1_sonar-example] INFO  o.eclipse.m2e.core.internal.Bundles - 	Entry: C:\Users\fathe\.p2\pool\plugins\org.eclipse.m2e.maven.runtime_3.9.900.20240824-1409\jars\maven-resolver-provider-3.9.9.jar
2024-12-12 11:51:26,514 [Worker-32: Launching Executing install in C__Users_fathe_Workspace1_sonar-example] INFO  o.eclipse.m2e.core.internal.Bundles - 	Entry: C:\Users\fathe\.p2\pool\plugins\org.eclipse.m2e.maven.runtime_3.9.900.20240824-1409\jars\maven-resolver-spi-1.9.22.jar
2024-12-12 11:51:26,514 [Worker-32: Launching Executing install in C__Users_fathe_Workspace1_sonar-example] INFO  o.eclipse.m2e.core.internal.Bundles - 	Entry: C:\Users\fathe\.p2\pool\plugins\org.eclipse.m2e.maven.runtime_3.9.900.20240824-1409\jars\maven-resolver-transport-file-1.9.22.jar
2024-12-12 11:51:26,514 [Worker-32: Launching Executing install in C__Users_fathe_Workspace1_sonar-example] INFO  o.eclipse.m2e.core.internal.Bundles - 	Entry: C:\Users\fathe\.p2\pool\plugins\org.eclipse.m2e.maven.runtime_3.9.900.20240824-1409\jars\maven-resolver-transport-http-1.9.22.jar
2024-12-12 11:51:26,514 [Worker-32: Launching Executing install in C__Users_fathe_Workspace1_sonar-example] INFO  o.eclipse.m2e.core.internal.Bundles - 	Entry: C:\Users\fathe\.p2\pool\plugins\org.eclipse.m2e.maven.runtime_3.9.900.20240824-1409\jars\maven-resolver-transport-wagon-1.9.22.jar
2024-12-12 11:51:26,515 [Worker-32: Launching Executing install in C__Users_fathe_Workspace1_sonar-example] INFO  o.eclipse.m2e.core.internal.Bundles - 	Entry: C:\Users\fathe\.p2\pool\plugins\org.eclipse.m2e.maven.runtime_3.9.900.20240824-1409\jars\maven-resolver-util-1.9.22.jar
2024-12-12 11:51:26,515 [Worker-32: Launching Executing install in C__Users_fathe_Workspace1_sonar-example] INFO  o.eclipse.m2e.core.internal.Bundles - 	Entry: C:\Users\fathe\.p2\pool\plugins\org.eclipse.m2e.maven.runtime_3.9.900.20240824-1409\jars\maven-settings-3.9.9.jar
2024-12-12 11:51:26,515 [Worker-32: Launching Executing install in C__Users_fathe_Workspace1_sonar-example] INFO  o.eclipse.m2e.core.internal.Bundles - 	Entry: C:\Users\fathe\.p2\pool\plugins\org.eclipse.m2e.maven.runtime_3.9.900.20240824-1409\jars\maven-settings-builder-3.9.9.jar
2024-12-12 11:51:26,515 [Worker-32: Launching Executing install in C__Users_fathe_Workspace1_sonar-example] INFO  o.eclipse.m2e.core.internal.Bundles - 	Entry: C:\Users\fathe\.p2\pool\plugins\org.eclipse.m2e.maven.runtime_3.9.900.20240824-1409\jars\maven-shared-utils-3.4.2.jar
2024-12-12 11:51:26,515 [Worker-32: Launching Executing install in C__Users_fathe_Workspace1_sonar-example] INFO  o.eclipse.m2e.core.internal.Bundles - 	Entry: C:\Users\fathe\.p2\pool\plugins\org.eclipse.m2e.maven.runtime_3.9.900.20240824-1409\jars\org.eclipse.sisu.inject-0.9.0.M3.jar
2024-12-12 11:51:26,515 [Worker-32: Launching Executing install in C__Users_fathe_Workspace1_sonar-example] INFO  o.eclipse.m2e.core.internal.Bundles - 	Entry: C:\Users\fathe\.p2\pool\plugins\org.eclipse.m2e.maven.runtime_3.9.900.20240824-1409\jars\org.eclipse.sisu.plexus-0.9.0.M3.jar
2024-12-12 11:51:26,515 [Worker-32: Launching Executing install in C__Users_fathe_Workspace1_sonar-example] INFO  o.eclipse.m2e.core.internal.Bundles - 	Entry: C:\Users\fathe\.p2\pool\plugins\org.eclipse.m2e.maven.runtime_3.9.900.20240824-1409\jars\plexus-build-api-0.0.7.jar
2024-12-12 11:51:26,516 [Worker-32: Launching Executing install in C__Users_fathe_Workspace1_sonar-example] INFO  o.eclipse.m2e.core.internal.Bundles - 	Entry: C:\Users\fathe\.p2\pool\plugins\org.eclipse.m2e.maven.runtime_3.9.900.20240824-1409\jars\plexus-build-api-1.2.0.jar
2024-12-12 11:51:26,516 [Worker-32: Launching Executing install in C__Users_fathe_Workspace1_sonar-example] INFO  o.eclipse.m2e.core.internal.Bundles - 	Entry: C:\Users\fathe\.p2\pool\plugins\org.eclipse.m2e.maven.runtime_3.9.900.20240824-1409\jars\plexus-cipher-2.0.jar
2024-12-12 11:51:26,517 [Worker-32: Launching Executing install in C__Users_fathe_Workspace1_sonar-example] INFO  o.eclipse.m2e.core.internal.Bundles - 	Entry: C:\Users\fathe\.p2\pool\plugins\org.eclipse.m2e.maven.runtime_3.9.900.20240824-1409\jars\plexus-classworlds-2.8.0.jar
2024-12-12 11:51:26,517 [Worker-32: Launching Executing install in C__Users_fathe_Workspace1_sonar-example] INFO  o.eclipse.m2e.core.internal.Bundles - 	Entry: C:\Users\fathe\.p2\pool\plugins\org.eclipse.m2e.maven.runtime_3.9.900.20240824-1409\jars\plexus-component-annotations-2.1.0.jar
2024-12-12 11:51:26,518 [Worker-32: Launching Executing install in C__Users_fathe_Workspace1_sonar-example] INFO  o.eclipse.m2e.core.internal.Bundles - 	Entry: C:\Users\fathe\.p2\pool\plugins\org.eclipse.m2e.maven.runtime_3.9.900.20240824-1409\jars\plexus-interpolation-1.27.jar
2024-12-12 11:51:26,518 [Worker-32: Launching Executing install in C__Users_fathe_Workspace1_sonar-example] INFO  o.eclipse.m2e.core.internal.Bundles - 	Entry: C:\Users\fathe\.p2\pool\plugins\org.eclipse.m2e.maven.runtime_3.9.900.20240824-1409\jars\plexus-sec-dispatcher-2.0.jar
2024-12-12 11:51:26,518 [Worker-32: Launching Executing install in C__Users_fathe_Workspace1_sonar-example] INFO  o.eclipse.m2e.core.internal.Bundles - 	Entry: C:\Users\fathe\.p2\pool\plugins\org.eclipse.m2e.maven.runtime_3.9.900.20240824-1409\jars\plexus-utils-3.5.1.jar
2024-12-12 11:51:26,518 [Worker-32: Launching Executing install in C__Users_fathe_Workspace1_sonar-example] INFO  o.eclipse.m2e.core.internal.Bundles - 	Entry: C:\Users\fathe\.p2\pool\plugins\org.eclipse.m2e.maven.runtime_3.9.900.20240824-1409\jars\plexus-xml-3.0.1.jar
2024-12-12 11:51:26,518 [Worker-32: Launching Executing install in C__Users_fathe_Workspace1_sonar-example] INFO  o.eclipse.m2e.core.internal.Bundles - 	Entry: C:\Users\fathe\.p2\pool\plugins\org.eclipse.m2e.maven.runtime_3.9.900.20240824-1409\jars\wagon-file-3.5.3.jar
2024-12-12 11:51:26,519 [Worker-32: Launching Executing install in C__Users_fathe_Workspace1_sonar-example] INFO  o.eclipse.m2e.core.internal.Bundles - 	Entry: C:\Users\fathe\.p2\pool\plugins\org.eclipse.m2e.maven.runtime_3.9.900.20240824-1409\jars\wagon-http-3.5.3.jar
2024-12-12 11:51:26,519 [Worker-32: Launching Executing install in C__Users_fathe_Workspace1_sonar-example] INFO  o.eclipse.m2e.core.internal.Bundles - 	Entry: C:\Users\fathe\.p2\pool\plugins\org.eclipse.m2e.maven.runtime_3.9.900.20240824-1409\jars\wagon-http-shared-3.5.3.jar
2024-12-12 11:51:26,519 [Worker-32: Launching Executing install in C__Users_fathe_Workspace1_sonar-example] INFO  o.eclipse.m2e.core.internal.Bundles - 	Entry: C:\Users\fathe\.p2\pool\plugins\org.eclipse.m2e.maven.runtime_3.9.900.20240824-1409\jars\wagon-provider-api-3.5.3.jar
2024-12-12 11:51:26,519 [Worker-32: Launching Executing install in C__Users_fathe_Workspace1_sonar-example] INFO  o.eclipse.m2e.core.internal.Bundles - getClasspathEntries(Bundle=com.google.guava_33.3.0.jre [10])
2024-12-12 11:51:26,520 [Worker-32: Launching Executing install in C__Users_fathe_Workspace1_sonar-example] INFO  o.eclipse.m2e.core.internal.Bundles - 	Entry: C:\Users\fathe\.p2\pool\plugins\com.google.guava_33.3.0.jre.jar
2024-12-12 11:51:26,520 [Worker-32: Launching Executing install in C__Users_fathe_Workspace1_sonar-example] INFO  o.eclipse.m2e.core.internal.Bundles - getClasspathEntries(Bundle=slf4j.api_2.0.16 [519])
2024-12-12 11:51:26,520 [Worker-32: Launching Executing install in C__Users_fathe_Workspace1_sonar-example] INFO  o.eclipse.m2e.core.internal.Bundles - 	Entry: C:\Users\fathe\.p2\pool\plugins\slf4j.api_2.0.16.jar
2024-12-12 11:51:26,520 [Worker-32: Launching Executing install in C__Users_fathe_Workspace1_sonar-example] INFO  o.eclipse.m2e.core.internal.Bundles - getClasspathEntries(Bundle=jakarta.inject.jakarta.inject-api_1.0.5 [22])
2024-12-12 11:51:26,521 [Worker-32: Launching Executing install in C__Users_fathe_Workspace1_sonar-example] INFO  o.eclipse.m2e.core.internal.Bundles - 	Entry: C:\Users\fathe\.p2\pool\plugins\jakarta.inject.jakarta.inject-api_1.0.5.jar
2024-12-12 11:51:26,521 [Worker-32: Launching Executing install in C__Users_fathe_Workspace1_sonar-example] INFO  o.eclipse.m2e.core.internal.Bundles - getClasspathEntries(Bundle=jakarta.annotation-api_1.3.5 [20])
2024-12-12 11:51:26,521 [Worker-32: Launching Executing install in C__Users_fathe_Workspace1_sonar-example] INFO  o.eclipse.m2e.core.internal.Bundles - 	Entry: C:\Users\fathe\.p2\pool\plugins\jakarta.annotation-api_1.3.5.jar
2024-12-12 11:51:26,521 [Worker-32: Launching Executing install in C__Users_fathe_Workspace1_sonar-example] INFO  o.eclipse.m2e.core.internal.Bundles - getClasspathEntries(Bundle=org.apache.commons.cli_1.9.0 [47])
2024-12-12 11:51:26,522 [Worker-32: Launching Executing install in C__Users_fathe_Workspace1_sonar-example] INFO  o.eclipse.m2e.core.internal.Bundles - 	Entry: C:\Users\fathe\.p2\pool\plugins\org.apache.commons.cli_1.9.0.jar
2024-12-12 11:51:26,522 [Worker-32: Launching Executing install in C__Users_fathe_Workspace1_sonar-example] INFO  o.eclipse.m2e.core.internal.Bundles - getClasspathEntries(Bundle=org.apache.commons.commons-codec_1.16.0 [50])
2024-12-12 11:51:26,523 [Worker-32: Launching Executing install in C__Users_fathe_Workspace1_sonar-example] INFO  o.eclipse.m2e.core.internal.Bundles - 	Entry: C:\Users\fathe\.p2\pool\plugins\org.apache.commons.commons-codec_1.16.0.jar
2024-12-12 11:51:26,523 [Worker-32: Launching Executing install in C__Users_fathe_Workspace1_sonar-example] INFO  o.eclipse.m2e.core.internal.Bundles - getClasspathEntries(Bundle=com.google.guava.failureaccess_1.0.2 [11])
2024-12-12 11:51:26,523 [Worker-32: Launching Executing install in C__Users_fathe_Workspace1_sonar-example] INFO  o.eclipse.m2e.core.internal.Bundles - 	Entry: C:\Users\fathe\.p2\pool\plugins\com.google.guava.failureaccess_1.0.2.jar
2024-12-12 11:51:26,525 [Worker-32: Launching Executing install in C__Users_fathe_Workspace1_sonar-example] INFO  o.e.m.i.launch.MavenLaunchDelegate - Run build in "C:\Users\fathe\Workspace1\sonar-example":
2024-12-12 11:51:26,526 [Worker-32: Launching Executing install in C__Users_fathe_Workspace1_sonar-example] INFO  o.e.m.i.launch.MavenLaunchDelegate -  mvn  -B -Dstyle.color=always install
2024-12-12 13:25:33,682 [Worker-1: Loading available Gradle versions] INFO  o.e.b.c.i.u.g.PublishedGradleVersions - Gradle version information cache is up-to-date. Trying to read.
